<?xml version="1.0" encoding="UTF-8"?>
<!-- Generated by org.testng.reporters.JUnitReportReporter -->
<testsuite hostname="CDC2-D-519QRQ3" name="JenkinsSeleniumSample.JenkinsSeleniumSample.Sample" tests="1" failures="0" timestamp="3 Aug 2017 08:31:06 GMT" time="23.407" errors="0">
  <testcase name="testEasy" time="23.407" classname="JenkinsSeleniumSample.JenkinsSeleniumSample.Sample"/>
</testsuite> <!-- JenkinsSeleniumSample.JenkinsSeleniumSample.Sample -->
