<?xml version="1.0" encoding="UTF-8"?>
<!-- Generated by org.testng.reporters.JUnitReportReporter -->
<testsuite hostname="CDC2-D-519QRQ3" name="JenkinsSeleniumSample.JenkinsSeleniumSample.Sample" tests="1" failures="0" timestamp="4 Aug 2017 10:06:59 GMT" time="18.108" errors="0">
  <testcase name="testEasy" time="18.108" classname="JenkinsSeleniumSample.JenkinsSeleniumSample.Sample"/>
</testsuite> <!-- JenkinsSeleniumSample.JenkinsSeleniumSample.Sample -->
